<?xml version="1.0" encoding="UTF-8"?>
<testng-results ignored="19" total="21" passed="2" failed="0" skipped="0">
  <reporter-output>
  </reporter-output>
  <suite started-at="2022-06-16T17:41:00 IST" name="All Test Suite" finished-at="2022-06-16T17:41:11 IST" duration-ms="10910">
    <groups>
      <group name="regression">
        <method signature="Class4.verifyDashboard()[pri:1, instance:BasicsTestng.Class4@2b6faea6]" name="verifyDashboard" class="BasicsTestng.Class4"/>
      </group> <!-- regression -->
      <group name="smoke">
        <method signature="LoginTest.loginTest()[pri:0, instance:testcases.LoginTest@78dd667e]" name="loginTest" class="testcases.LoginTest"/>
      </group> <!-- smoke -->
    </groups>
    <test started-at="2022-06-16T17:41:00 IST" name="Smoke test" finished-at="2022-06-16T17:41:11 IST" duration-ms="10797">
      <class name="testcases.LoginTest">
        <test-method signature="loginTest()[pri:0, instance:testcases.LoginTest@78dd667e]" started-at="2022-06-16T17:41:00 IST" name="loginTest" finished-at="2022-06-16T17:41:11 IST" duration-ms="10745" status="PASS">
          <reporter-output>
          </reporter-output>
        </test-method> <!-- loginTest -->
      </class> <!-- testcases.LoginTest -->
    </test> <!-- Smoke test -->
    <test started-at="2022-06-16T17:41:11 IST" name="Regression test" finished-at="2022-06-16T17:41:11 IST" duration-ms="8">
      <class name="BasicsTestng.Class4">
        <test-method signature="verifyDashboard()[pri:1, instance:BasicsTestng.Class4@2b6faea6]" started-at="2022-06-16T17:41:11 IST" name="verifyDashboard" finished-at="2022-06-16T17:41:11 IST" duration-ms="8" status="PASS">
          <reporter-output>
          </reporter-output>
        </test-method> <!-- verifyDashboard -->
      </class> <!-- BasicsTestng.Class4 -->
    </test> <!-- Regression test -->
  </suite> <!-- All Test Suite -->
</testng-results>
