<?xml version="1.0" encoding="UTF-8"?>
<!-- Generated by org.testng.reporters.JUnitXMLReporter -->
<testsuite ignored="19" hostname="MSI" failures="0" tests="1" name="Regression test" time="0.008" errors="0" timestamp="2022-06-16T17:41:11 IST">
  <testcase classname="BasicsTestng.Class4" name="verifyDashboard" time="0.008"/>
  <testcase classname="BasicsTestng.Class2" name="thirdTest" time="0.0">
    <ignored/>
  </testcase> <!-- thirdTest -->
  <testcase classname="Basics2.Class5" name="openBrowser" time="0.0">
    <ignored/>
  </testcase> <!-- openBrowser -->
  <testcase classname="Basics2.Class5" name="openBrowser" time="0.0">
    <ignored/>
  </testcase> <!-- openBrowser -->
  <testcase classname="BasicsTestng.Class2" name="secondTest" time="0.0">
    <ignored/>
  </testcase> <!-- secondTest -->
  <testcase classname="BasicsTestng.Class3" name="thirdTest" time="0.0">
    <ignored/>
  </testcase> <!-- thirdTest -->
  <testcase classname="BasicsTestng.Class1" name="firstTest" time="0.0">
    <ignored/>
  </testcase> <!-- firstTest -->
  <testcase classname="BasicsTestng.Class1" name="anotherTest" time="0.0">
    <ignored/>
  </testcase> <!-- anotherTest -->
  <testcase classname="BasicsTestng.Class2" name="firstTest" time="0.0">
    <ignored/>
  </testcase> <!-- firstTest -->
  <testcase classname="BasicsTestng.Class1" name="secondTest" time="0.0">
    <ignored/>
  </testcase> <!-- secondTest -->
  <testcase classname="BasicsTestng.Class3" name="firstTest" time="0.0">
    <ignored/>
  </testcase> <!-- firstTest -->
  <testcase classname="BasicsTestng.Class4" name="login" time="0.0">
    <ignored/>
  </testcase> <!-- login -->
  <testcase classname="Basics2.Class3" name="firstTest" time="0.0">
    <ignored/>
  </testcase> <!-- firstTest -->
  <testcase classname="Basics2.Class6" name="adminLogin" time="0.0">
    <ignored/>
  </testcase> <!-- adminLogin -->
  <testcase classname="Basics2.Class3" name="secondTest" time="0.0">
    <ignored/>
  </testcase> <!-- secondTest -->
  <testcase classname="BasicsTestng.Class2" name="fourthTest" time="0.0">
    <ignored/>
  </testcase> <!-- fourthTest -->
  <testcase classname="Basics2.Class3" name="thirdTest" time="0.0">
    <ignored/>
  </testcase> <!-- thirdTest -->
  <testcase classname="Basics2.Class5" name="openBrowserAgain" time="0.0">
    <ignored/>
  </testcase> <!-- openBrowserAgain -->
  <testcase classname="Basics2.Class5" name="openBrowserAgain" time="0.0">
    <ignored/>
  </testcase> <!-- openBrowserAgain -->
  <testcase classname="BasicsTestng.Class3" name="secondTest" time="0.0">
    <ignored/>
  </testcase> <!-- secondTest -->
</testsuite> <!-- Regression test -->
